<?xml version="1.0" encoding="UTF-8"?>
<!-- Generated by org.testng.reporters.JUnitReportReporter -->
<testsuite skipped="0" hostname="HarishGarg" name="com.Login" tests="2" failures="0" timestamp="10 Aug 2019 11:27:33 GMT" time="0.034" errors="0">
  <testcase name="login_facebook" time="0.004" classname="com.Login"/>
  <testcase name="login_google" time="0.030" classname="com.Login"/>
</testsuite> <!-- com.Login -->
