<?xml version="1.0" encoding="UTF-8"?>
<!-- Generated by org.testng.reporters.JUnitReportReporter -->
<testsuite hostname="HarishGarg" name="testcases.Login" tests="2" failures="0" timestamp="12 Oct 2019 08:19:57 GMT" time="0.115" errors="0">
  <testcase name="Login_facebook" time="0.112" classname="testcases.Login"/>
  <testcase name="login_google" time="0.003" classname="testcases.Login"/>
</testsuite> <!-- testcases.Login -->
