<?xml version="1.0" encoding="UTF-8"?>
<!-- Generated by org.testng.reporters.JUnitReportReporter -->
<testsuite skipped="0" hostname="HarishGarg" name="SuiteA.testA" tests="1" failures="0" timestamp="08 Aug 2019 08:51:39 GMT" time="0.014" errors="0">
  <testcase name="testA1" time="0.014" classname="SuiteA.testA"/>
</testsuite> <!-- SuiteA.testA -->
