<?xml version="1.0" encoding="UTF-8"?>
<!-- Generated by org.testng.reporters.JUnitReportReporter -->
<testsuite skipped="0" hostname="HarishGarg" name="com.dologin" tests="3" failures="0" timestamp="08 Aug 2019 04:43:48 GMT" time="0.050" errors="0">
  <testcase name="doLogintest" time="0.035" classname="com.dologin"/>
  <testcase name="doLogintest2" time="0.005" classname="com.dologin"/>
  <testcase name="doLogintest3" time="0.010" classname="com.dologin"/>
</testsuite> <!-- com.dologin -->
