<?xml version="1.0" encoding="UTF-8"?>
<!-- Generated by org.testng.reporters.JUnitReportReporter -->
<testsuite hostname="HarishGarg" name="com.Signup" tests="2" failures="0" timestamp="21 Oct 2019 08:06:59 GMT" time="0.005" errors="0">
  <testcase name="Signup_google" time="0.003" classname="com.Signup"/>
  <testcase name="Signup_UI" time="0.002" classname="com.Signup"/>
</testsuite> <!-- com.Signup -->
