<?xml version="1.0" encoding="UTF-8"?>
<!-- Generated by org.testng.reporters.JUnitReportReporter -->
<testsuite skipped="0" hostname="HarishGarg" name="com.DataProviderExample" tests="3" failures="0" timestamp="10 Aug 2019 12:08:56 GMT" time="0.036" errors="0">
  <testcase name="setData" time="0.003" classname="com.DataProviderExample"/>
  <testcase name="setData" time="0.028" classname="com.DataProviderExample"/>
  <testcase name="setData" time="0.005" classname="com.DataProviderExample"/>
</testsuite> <!-- com.DataProviderExample -->
