<?xml version="1.0" encoding="UTF-8"?>
<!-- Generated by org.testng.reporters.JUnitReportReporter -->
<testsuite skipped="0" hostname="HarishGarg" name="com.Login" tests="2" failures="0" timestamp="10 Aug 2019 12:13:49 GMT" time="0.028" errors="0">
  <testcase name="login_facebook" time="0.026" classname="com.Login"/>
  <testcase name="login_google" time="0.002" classname="com.Login"/>
</testsuite> <!-- com.Login -->
