<?xml version="1.0" encoding="UTF-8"?>
<!-- Generated by org.testng.reporters.JUnitReportReporter -->
<testsuite skipped="0" hostname="HarishGarg" name="com.Login" tests="2" failures="0" timestamp="03 Oct 2019 15:20:14 GMT" time="0.021" errors="0">
  <testcase name="login_google" time="0.001" classname="com.Login"/>
  <testcase name="Login_UI" time="0.020" classname="com.Login"/>
</testsuite> <!-- com.Login -->
