<?xml version="1.0" encoding="UTF-8"?>
<!-- Generated by org.testng.reporters.JUnitReportReporter -->
<testsuite skipped="0" hostname="HarishGarg" name="com.Signup" tests="2" failures="0" timestamp="03 Oct 2019 15:20:14 GMT" time="0.000" errors="0">
  <testcase name="Signup_google" time="0.000" classname="com.Signup"/>
  <testcase name="Signup_UI" time="0.000" classname="com.Signup"/>
</testsuite> <!-- com.Signup -->
