<?xml version="1.0" encoding="UTF-8"?>
<!-- Generated by org.testng.reporters.JUnitReportReporter -->
<testsuite hostname="HarishGarg" name="com.Login" tests="2" failures="0" timestamp="10 Aug 2019 15:39:52 GMT" time="0.044" errors="0">
  <testcase name="test1" time="0.041" classname="com.Login"/>
  <testcase name="test2" time="0.003" classname="com.Login"/>
</testsuite> <!-- com.Login -->
