<?xml version="1.0" encoding="UTF-8"?>
<!-- Generated by org.testng.reporters.JUnitReportReporter -->
<testsuite skipped="0" hostname="HarishGarg" name="com.Signup" tests="2" failures="0" timestamp="10 Aug 2019 15:40:07 GMT" time="0.005" errors="0">
  <testcase name="signup_facebook" time="0.002" classname="com.Signup"/>
  <testcase name="signup_google" time="0.003" classname="com.Signup"/>
</testsuite> <!-- com.Signup -->
