<?xml version="1.0" encoding="UTF-8"?>
<!-- Generated by org.testng.reporters.JUnitReportReporter -->
<testsuite skipped="0" hostname="HarishGarg" name="com.Signup" tests="1" failures="0" timestamp="10 Aug 2019 11:07:48 GMT" time="0.004" errors="0">
  <testcase name="signup_google" time="0.004" classname="com.Signup"/>
</testsuite> <!-- com.Signup -->
