<?xml version="1.0" encoding="UTF-8"?>
<!-- Generated by org.testng.reporters.JUnitReportReporter -->
<testsuite skipped="0" hostname="HarishGarg" name="com.testcases2" tests="4" failures="0" timestamp="11 Aug 2019 07:25:40 GMT" time="0.040" errors="0">
  <testcase name="loginTest23" time="0.030" classname="com.testcases2"/>
  <testcase name="changePassword2" time="0.004" classname="com.testcases2"/>
  <testcase name="HomePage2" time="0.002" classname="com.testcases2"/>
  <testcase name="loginTest33" time="0.004" classname="com.testcases2"/>
</testsuite> <!-- com.testcases2 -->
