<?xml version="1.0" encoding="UTF-8"?>
<!-- Generated by org.testng.reporters.JUnitReportReporter -->
<testsuite skipped="2" hostname="HarishGarg" name="com.expectedExceptions" tests="2" failures="0" timestamp="10 Aug 2019 11:57:11 GMT" time="0.042" errors="0">
  <testcase name="testCaseSkipException" time="0.003" classname="com.expectedExceptions">
    <skipped/>
  </testcase> <!-- testCaseSkipException -->
  <testcase name="testCaseConditionalSkipException" time="0.039" classname="com.expectedExceptions">
    <skipped/>
  </testcase> <!-- testCaseConditionalSkipException -->
</testsuite> <!-- com.expectedExceptions -->
