<?xml version="1.0" encoding="UTF-8"?>
<!-- Generated by org.testng.reporters.JUnitReportReporter -->
<testsuite skipped="0" hostname="HarishGarg" name="com.testcases" tests="4" failures="0" timestamp="11 Aug 2019 07:33:23 GMT" time="0.038" errors="0">
  <testcase name="HomePage" time="0.025" classname="com.testcases"/>
  <testcase name="loginTest2" time="0.006" classname="com.testcases"/>
  <testcase name="changePassword" time="0.004" classname="com.testcases"/>
  <testcase name="loginTest3" time="0.003" classname="com.testcases"/>
</testsuite> <!-- com.testcases -->
