<?xml version="1.0" encoding="UTF-8"?>
<!-- Generated by org.testng.reporters.JUnitReportReporter -->
<testsuite skipped="0" hostname="HarishGarg" name="com.Login" tests="1" failures="0" timestamp="08 Aug 2019 04:46:40 GMT" time="0.025" errors="0">
  <testcase name="test1" time="0.025" classname="com.Login"/>
</testsuite> <!-- com.Login -->
