<?xml version="1.0" encoding="UTF-8"?>
<!-- Generated by org.testng.reporters.JUnitReportReporter -->
<testsuite skipped="0" hostname="HarishGarg" name="com.Login" tests="2" failures="0" timestamp="10 Aug 2019 11:16:34 GMT" time="0.040" errors="0">
  <testcase name="login_facebook" time="0.032" classname="com.Login"/>
  <testcase name="login_google" time="0.008" classname="com.Login"/>
</testsuite> <!-- com.Login -->
