<?xml version="1.0" encoding="UTF-8"?>
<!-- Generated by org.testng.reporters.JUnitReportReporter -->
<testsuite skipped="0" hostname="HarishGarg" name="testcases.Login" tests="2" failures="0" timestamp="12 Oct 2019 08:26:26 GMT" time="0.006" errors="0">
  <testcase name="login_google" time="0.000" classname="testcases.Login"/>
  <testcase name="Login_facebook" time="0.006" classname="testcases.Login"/>
</testsuite> <!-- testcases.Login -->
